<?xml version="1.0" encoding="UTF-8"?>
<!-- Generated by org.testng.reporters.JUnitReportReporter -->
<testsuite hostname="DESKTOP-QP469N6" failures="0" tests="1" name="Selenium_Basics._7ExplicitWait" time="44.029" errors="0" timestamp="23 Oct 2018 02:15:15 GMT" skipped="0">
  <testcase classname="Selenium_Basics._7ExplicitWait" name="explicitwait" time="44.029"/>
</testsuite> <!-- Selenium_Basics._7ExplicitWait -->
