<?xml version="1.0" encoding="UTF-8"?>
<!-- Generated by org.testng.reporters.JUnitReportReporter -->
<testsuite hostname="DESKTOP-QP469N6" failures="0" tests="1" name="Selenium_Basics._5DragAndDrop" time="47.501" errors="0" timestamp="22 Oct 2018 18:15:04 GMT" skipped="0">
  <testcase classname="Selenium_Basics._5DragAndDrop" name="dragAndDrop" time="47.501"/>
</testsuite> <!-- Selenium_Basics._5DragAndDrop -->
