<?xml version="1.0" encoding="UTF-8"?>
<!-- Generated by org.testng.reporters.JUnitReportReporter -->
<testsuite hostname="DESKTOP-QP469N6" failures="0" tests="1" name="TestNG.Annotations" time="0.008" errors="0" timestamp="05 Nov 2018 04:50:07 GMT" skipped="0">
  <testcase classname="TestNG.Annotations" name="getTitle" time="0.008"/>
</testsuite> <!-- TestNG.Annotations -->
