<?xml version="1.0" encoding="UTF-8"?>
<!-- Generated by org.testng.reporters.JUnitReportReporter -->
<testsuite hostname="DESKTOP-QP469N6" failures="0" tests="1" name="Selenium_Basics._5DragAndDrop" time="42.621" errors="0" timestamp="04 Dec 2018 17:09:32 GMT" skipped="0">
  <testcase classname="Selenium_Basics._5DragAndDrop" name="dragAndDrop" time="42.621"/>
</testsuite> <!-- Selenium_Basics._5DragAndDrop -->
