<?xml version="1.0" encoding="UTF-8"?>
<!-- Generated by org.testng.reporters.JUnitReportReporter -->
<testsuite hostname="DESKTOP-QP469N6" failures="0" tests="1" name="Selenium_Basics._3AlertPopUp" time="53.586" errors="0" timestamp="25 Oct 2018 17:49:09 GMT" skipped="0">
  <testcase classname="Selenium_Basics._3AlertPopUp" name="handlingPopup" time="53.586"/>
</testsuite> <!-- Selenium_Basics._3AlertPopUp -->
