<?xml version="1.0" encoding="UTF-8"?>
<!-- Generated by org.testng.reporters.JUnitReportReporter -->
<testsuite hostname="DESKTOP-QP469N6" failures="0" tests="1" name="Selenium_Basics.ChromeHeadless" time="25.008" errors="0" timestamp="30 Oct 2018 17:42:00 GMT" skipped="0">
  <testcase classname="Selenium_Basics.ChromeHeadless" name="headlessChrome" time="25.008"/>
</testsuite> <!-- Selenium_Basics.ChromeHeadless -->
