<?xml version="1.0" encoding="UTF-8"?>
<!-- Generated by org.testng.reporters.JUnitReportReporter -->
<testsuite hostname="DESKTOP-QP469N6" failures="0" tests="1" name="Selenium_Basics.WindowHandling" time="37.599" errors="0" timestamp="23 Oct 2018 18:21:47 GMT" skipped="0">
  <testcase classname="Selenium_Basics.WindowHandling" name="windowHandling" time="37.599"/>
</testsuite> <!-- Selenium_Basics.WindowHandling -->
