<?xml version="1.0" encoding="UTF-8"?>
<!-- Generated by org.testng.reporters.JUnitReportReporter -->
<testsuite hostname="DESKTOP-QP469N6" failures="0" tests="4" name="GettingDataUsingDataprovider" time="0.016" errors="0" timestamp="15 Jan 2019 05:52:45 GMT" skipped="0">
  <testcase classname="GettingDataUsingDataprovider" name="gettingData" time="0.000"/>
  <testcase classname="GettingDataUsingDataprovider" name="gettingData" time="0.000"/>
  <testcase classname="GettingDataUsingDataprovider" name="gettingData" time="0.016"/>
  <testcase classname="GettingDataUsingDataprovider" name="gettingData" time="0.000"/>
</testsuite> <!-- GettingDataUsingDataprovider -->
