<?xml version="1.0" encoding="UTF-8"?>
<!-- Generated by org.testng.reporters.JUnitReportReporter -->
<testsuite hostname="DESKTOP-QP469N6" failures="0" tests="1" name="Selenium_Basics.HandlingBootStrap" time="38.036" errors="0" timestamp="30 Oct 2018 17:27:16 GMT" skipped="0">
  <testcase classname="Selenium_Basics.HandlingBootStrap" name="handlingBootStarp" time="38.036"/>
</testsuite> <!-- Selenium_Basics.HandlingBootStrap -->
