<?xml version="1.0" encoding="UTF-8"?>
<!-- Generated by org.testng.reporters.JUnitReportReporter -->
<testsuite skipped="0" hostname="ShiekKhurram" name="BrokenLinks.CheckingBrokenLinks" tests="1" failures="0" timestamp="07 Nov 2018 08:12:41 GMT" time="294.764" errors="0">
  <testcase name="checkBrokenLinks" time="294.764" classname="BrokenLinks.CheckingBrokenLinks"/>
</testsuite> <!-- BrokenLinks.CheckingBrokenLinks -->
