<?xml version="1.0" encoding="UTF-8"?>
<!-- Generated by org.testng.reporters.JUnitReportReporter -->
<testsuite hostname="DESKTOP-QP469N6" failures="0" tests="1" name="Selenium_Basics._4MouseMovement" time="63.059" errors="0" timestamp="22 Oct 2018 18:04:33 GMT" skipped="0">
  <testcase classname="Selenium_Basics._4MouseMovement" name="mouseHover" time="63.059"/>
</testsuite> <!-- Selenium_Basics._4MouseMovement -->
