<?xml version="1.0" encoding="UTF-8"?>
<!-- Generated by org.testng.reporters.JUnitReportReporter -->
<testsuite hostname="DESKTOP-QP469N6" failures="0" tests="1" name="Selenium_Basics._6TakeScreenShot" time="36.462" errors="0" timestamp="22 Oct 2018 18:51:25 GMT" skipped="0">
  <testcase classname="Selenium_Basics._6TakeScreenShot" name="takeScreenShot" time="36.462"/>
</testsuite> <!-- Selenium_Basics._6TakeScreenShot -->
