<?xml version="1.0" encoding="UTF-8"?>
<!-- Generated by org.testng.reporters.JUnitReportReporter -->
<testsuite hostname="DESKTOP-QP469N6" failures="0" tests="1" name="Rough.Locators" time="2.973" errors="0" timestamp="08 Dec 2018 14:27:51 GMT" skipped="0">
  <testcase classname="Rough.Locators" name="test" time="2.973"/>
</testsuite> <!-- Rough.Locators -->
