<?xml version="1.0" encoding="UTF-8"?>
<!-- Generated by org.testng.reporters.JUnitReportReporter -->
<testsuite hostname="DESKTOP-QP469N6" failures="0" tests="1" name="Rough.Pra" time="0.000" errors="0" timestamp="08 Dec 2018 14:25:37 GMT" skipped="0">
  <testcase classname="Rough.Pra" name="test" time="0.000"/>
</testsuite> <!-- Rough.Pra -->
