<?xml version="1.0" encoding="UTF-8"?>
<!-- Generated by org.testng.reporters.JUnitReportReporter -->
<testsuite hostname="DESKTOP-QP469N6" failures="0" tests="1" name="TestNGFeatures.ParametersTestNG" time="56.688" errors="0" timestamp="05 Nov 2018 16:40:01 GMT" skipped="0">
  <testcase classname="TestNGFeatures.ParametersTestNG" name="FBLogin" time="56.688"/>
</testsuite> <!-- TestNGFeatures.ParametersTestNG -->
