<?xml version="1.0" encoding="UTF-8"?>
<!-- Generated by org.testng.reporters.JUnitReportReporter -->
<testsuite hostname="DESKTOP-QP469N6" failures="0" tests="1" name="Selenium_Basics._6TakeScreenShot" time="11.810" errors="0" timestamp="09 Dec 2018 06:26:58 GMT" skipped="0">
  <testcase classname="Selenium_Basics._6TakeScreenShot" name="takeScreenShot" time="11.810"/>
</testsuite> <!-- Selenium_Basics._6TakeScreenShot -->
