<?xml version="1.0" encoding="UTF-8"?>
<!-- Generated by org.testng.reporters.JUnitReportReporter -->
<testsuite hostname="DESKTOP-QP469N6" failures="0" tests="1" name="TestNGFeatures.ExceptedException" time="0.031" errors="0" timestamp="15 Jan 2019 09:30:03 GMT" skipped="0">
  <testcase classname="TestNGFeatures.ExceptedException" name="test" time="0.031"/>
</testsuite> <!-- TestNGFeatures.ExceptedException -->
