<?xml version="1.0" encoding="UTF-8"?>
<!-- Generated by org.testng.reporters.JUnitReportReporter -->
<testsuite hostname="DESKTOP-QP469N6" failures="0" tests="1" name="Selenium_Basics._10isDisplayeEnabledSelected" time="36.446" errors="0" timestamp="26 Oct 2018 03:38:45 GMT" skipped="0">
  <testcase classname="Selenium_Basics._10isDisplayeEnabledSelected" name="differentMethods" time="36.446"/>
</testsuite> <!-- Selenium_Basics._10isDisplayeEnabledSelected -->
