<?xml version="1.0" encoding="UTF-8"?>
<!-- Generated by org.testng.reporters.JUnitReportReporter -->
<testsuite hostname="DESKTOP-QP469N6" failures="0" tests="1" name="Selenium_Basics.HandlingBootStrap" time="45.113" errors="0" timestamp="06 Dec 2018 17:22:55 GMT" skipped="0">
  <testcase classname="Selenium_Basics.HandlingBootStrap" name="handlingBootStarp" time="45.113"/>
</testsuite> <!-- Selenium_Basics.HandlingBootStrap -->
