<?xml version="1.0" encoding="UTF-8"?>
<!-- Generated by org.testng.reporters.JUnitReportReporter -->
<testsuite hostname="DESKTOP-QP469N6" failures="0" tests="5" name="TestNGFeatures.InvocationCount" time="0.017" errors="0" timestamp="08 Dec 2018 14:07:24 GMT" skipped="0">
  <testcase classname="TestNGFeatures.InvocationCount" name="test" time="0.000"/>
  <testcase classname="TestNGFeatures.InvocationCount" name="test" time="0.000"/>
  <testcase classname="TestNGFeatures.InvocationCount" name="test" time="0.000"/>
  <testcase classname="TestNGFeatures.InvocationCount" name="test" time="0.017"/>
  <testcase classname="TestNGFeatures.InvocationCount" name="test" time="0.000"/>
</testsuite> <!-- TestNGFeatures.InvocationCount -->
