<?xml version="1.0" encoding="UTF-8"?>
<!-- Generated by org.testng.reporters.JUnitReportReporter -->
<testsuite hostname="DESKTOP-QP469N6" failures="0" tests="1" name="Selenium_Basics.Rough" time="50.146" errors="0" timestamp="25 Oct 2018 18:12:39 GMT" skipped="0">
  <testcase classname="Selenium_Basics.Rough" name="test" time="50.146"/>
</testsuite> <!-- Selenium_Basics.Rough -->
