<?xml version="1.0" encoding="UTF-8"?>
<!-- Generated by org.testng.reporters.JUnitReportReporter -->
<testsuite hostname="DESKTOP-QP469N6" failures="0" tests="1" name="Selenium_Basics.JavaScriptMethods" time="43.661" errors="0" timestamp="25 Oct 2018 19:28:13 GMT" skipped="0">
  <testcase classname="Selenium_Basics.JavaScriptMethods" name="test" time="43.661"/>
</testsuite> <!-- Selenium_Basics.JavaScriptMethods -->
