<?xml version="1.0" encoding="UTF-8"?>
<!-- Generated by org.testng.reporters.JUnitReportReporter -->
<testsuite hostname="DESKTOP-QP469N6" failures="0" tests="1" name="Log4jPractice.LoginToFreeCrm" time="50.277" errors="0" timestamp="09 Dec 2018 10:41:42 GMT" skipped="0">
  <testcase classname="Log4jPractice.LoginToFreeCrm" name="loginPage" time="50.277"/>
</testsuite> <!-- Log4jPractice.LoginToFreeCrm -->
