<?xml version="1.0" encoding="UTF-8"?>
<!-- Generated by org.testng.reporters.JUnitReportReporter -->
<testsuite hostname="DESKTOP-QP469N6" failures="0" tests="1" name="Selenium_Basics.LaunchingFFinHeadlessMode" time="44.331" errors="0" timestamp="10 Nov 2018 18:35:41 GMT" skipped="0">
  <testcase classname="Selenium_Basics.LaunchingFFinHeadlessMode" name="firefoxheadless" time="44.331"/>
</testsuite> <!-- Selenium_Basics.LaunchingFFinHeadlessMode -->
