<?xml version="1.0" encoding="UTF-8"?>
<!-- Generated by org.testng.reporters.JUnitReportReporter -->
<testsuite hostname="DESKTOP-QP469N6" failures="0" tests="1" name="Selenium_Basics.LaunchingBrowser" time="15.586" errors="0" timestamp="21 Oct 2018 17:59:30 GMT" skipped="0">
  <testcase classname="Selenium_Basics.LaunchingBrowser" name="launchingInternetExplorer" time="15.586"/>
</testsuite> <!-- Selenium_Basics.LaunchingBrowser -->
