<?xml version="1.0" encoding="UTF-8"?>
<!-- Generated by org.testng.reporters.JUnitReportReporter -->
<testsuite hostname="DESKTOP-QP469N6" failures="0" tests="1" name="Selenium_Basics._1LaunchingBrowser" time="35.748" errors="0" timestamp="05 Dec 2018 17:53:04 GMT" skipped="0">
  <testcase classname="Selenium_Basics._1LaunchingBrowser" name="launchingFFBrowser" time="35.748"/>
</testsuite> <!-- Selenium_Basics._1LaunchingBrowser -->
